<?xml version="1.0" encoding="UTF-8"?>
<!-- Generated by org.testng.reporters.JUnitReportReporter -->
<testsuite name="getFlightResults.getSessionId" tests="1" time="1.853" ignored="1" failures="0" timestamp="04 Feb 2020 12:30:46 GMT" skipped="0" hostname="Pro-Book" errors="0">
  <testcase name="testBody" time="1.853" classname="getFlightResults.getSessionId"/>
  <testcase name="testResponsecode" classname="getFlightResults.getSessionId">
    <skipped/>
  </testcase> <!-- testResponsecode -->
</testsuite> <!-- getFlightResults.getSessionId -->
